# JRE version: OpenJDK Runtime Environment Corretto-11.0.12.7.1 (11.0.12+7) (build 11.0.12+7-LTS)
# Java VM: OpenJDK 64-Bit Server VM Corretto-11.0.12.7.1 (11.0.12+7-LTS, mixed mode, tiered, compressed oops, g1 gc, windows-amd64)
Heap:
 garbage-first heap   total 854016K, used 189934K [0x0000000081800000, 0x0000000100000000)
  region size 1024K, 5 young (5120K), 5 survivors (5120K)
 Metaspace       used 8889K, capacity 9108K, committed 9472K, reserved 1058816K
  class space    used 829K, capacity 908K, committed 1024K, reserved 1048576K
GC Heap History (17 events):
Event: 0.311 GC heap before
{Heap before GC invocations=0 (full 0):
 garbage-first heap   total 131072K, used 13312K [0x0000000081800000, 0x0000000100000000)
  region size 1024K, 14 young (14336K), 0 survivors (0K)
 Metaspace       used 8888K, capacity 9108K, committed 9472K, reserved 1058816K
  class space    used 828K, capacity 908K, committed 1024K, reserved 1048576K
}
Event: 0.321 GC heap after
{Heap after GC invocations=1 (full 0):
 garbage-first heap   total 131072K, used 7507K [0x0000000081800000, 0x0000000100000000)
  region size 1024K, 2 young (2048K), 2 survivors (2048K)
 Metaspace       used 8888K, capacity 9108K, committed 9472K, reserved 1058816K
  class space    used 828K, capacity 908K, committed 1024K, reserved 1048576K
}
Event: 0.331 GC heap before
{Heap before GC invocations=1 (full 0):
 garbage-first heap   total 131072K, used 14675K [0x0000000081800000, 0x0000000100000000)
  region size 1024K, 10 young (10240K), 2 survivors (2048K)
 Metaspace       used 8888K, capacity 9108K, committed 9472K, reserved 1058816K
  class space    used 828K, capacity 908K, committed 1024K, reserved 1048576K
}
Event: 0.340 GC heap after
{Heap after GC invocations=2 (full 0):
 garbage-first heap   total 131072K, used 13279K [0x0000000081800000, 0x0000000100000000)
  region size 1024K, 2 young (2048K), 2 survivors (2048K)
 Metaspace       used 8888K, capacity 9108K, committed 9472K, reserved 1058816K
  class space    used 828K, capacity 908K, committed 1024K, reserved 1048576K
}
Event: 0.358 GC heap before
{Heap before GC invocations=2 (full 0):
 garbage-first heap   total 131072K, used 35807K [0x0000000081800000, 0x0000000100000000)
  region size 1024K, 19 young (19456K), 2 survivors (2048K)
 Metaspace       used 8888K, capacity 9108K, committed 9472K, reserved 1058816K
  class space    used 828K, capacity 908K, committed 1024K, reserved 1048576K
}
Event: 0.379 GC heap after
{Heap after GC invocations=3 (full 0):
 garbage-first heap   total 131072K, used 31208K [0x0000000081800000, 0x0000000100000000)
  region size 1024K, 3 young (3072K), 3 survivors (3072K)
 Metaspace       used 8888K, capacity 9108K, committed 9472K, reserved 1058816K
  class space    used 828K, capacity 908K, committed 1024K, reserved 1048576K
}
Event: 0.387 GC heap before
{Heap before GC invocations=3 (full 0):
 garbage-first heap   total 131072K, used 45544K [0x0000000081800000, 0x0000000100000000)
  region size 1024K, 18 young (18432K), 3 survivors (3072K)
 Metaspace       used 8888K, capacity 9108K, committed 9472K, reserved 1058816K
  class space    used 828K, capacity 908K, committed 1024K, reserved 1048576K
}
Event: 0.406 GC heap after
{Heap after GC invocations=4 (full 0):
 garbage-first heap   total 131072K, used 41984K [0x0000000081800000, 0x0000000100000000)
  region size 1024K, 3 young (3072K), 3 survivors (3072K)
 Metaspace       used 8888K, capacity 9108K, committed 9472K, reserved 1058816K
  class space    used 828K, capacity 908K, committed 1024K, reserved 1048576K
}
Event: 0.426 GC heap before
{Heap before GC invocations=4 (full 0):
 garbage-first heap   total 131072K, used 71680K [0x0000000081800000, 0x0000000100000000)
  region size 1024K, 27 young (27648K), 3 survivors (3072K)
 Metaspace       used 8888K, capacity 9108K, committed 9472K, reserved 1058816K
  class space    used 828K, capacity 908K, committed 1024K, reserved 1048576K
}
Event: 0.457 GC heap after
{Heap after GC invocations=5 (full 0):
 garbage-first heap   total 284672K, used 66496K [0x0000000081800000, 0x0000000100000000)
  region size 1024K, 4 young (4096K), 4 survivors (4096K)
 Metaspace       used 8888K, capacity 9108K, committed 9472K, reserved 1058816K
  class space    used 828K, capacity 908K, committed 1024K, reserved 1048576K
}
Event: 0.505 GC heap before
{Heap before GC invocations=5 (full 0):
 garbage-first heap   total 284672K, used 109504K [0x0000000081800000, 0x0000000100000000)
  region size 1024K, 34 young (34816K), 4 survivors (4096K)
 Metaspace       used 8888K, capacity 9108K, committed 9472K, reserved 1058816K
  class space    used 828K, capacity 908K, committed 1024K, reserved 1048576K
}
Event: 0.543 GC heap after
{Heap after GC invocations=6 (full 0):
 garbage-first heap   total 284672K, used 101888K [0x0000000081800000, 0x0000000100000000)
  region size 1024K, 5 young (5120K), 5 survivors (5120K)
 Metaspace       used 8888K, capacity 9108K, committed 9472K, reserved 1058816K
  class space    used 828K, capacity 908K, committed 1024K, reserved 1048576K
}
Event: 0.578 GC heap before
{Heap before GC invocations=6 (full 0):
 garbage-first heap   total 284672K, used 146944K [0x0000000081800000, 0x0000000100000000)
  region size 1024K, 40 young (40960K), 5 survivors (5120K)
 Metaspace       used 8888K, capacity 9108K, committed 9472K, reserved 1058816K
  class space    used 828K, capacity 908K, committed 1024K, reserved 1048576K
}
Event: 0.616 GC heap after
{Heap after GC invocations=7 (full 0):
 garbage-first heap   total 284672K, used 137728K [0x0000000081800000, 0x0000000100000000)
  region size 1024K, 5 young (5120K), 5 survivors (5120K)
 Metaspace       used 8888K, capacity 9108K, committed 9472K, reserved 1058816K
  class space    used 828K, capacity 908K, committed 1024K, reserved 1048576K
}
Event: 0.619 GC heap before
{Heap before GC invocations=7 (full 0):
 garbage-first heap   total 284672K, used 141824K [0x0000000081800000, 0x0000000100000000)
  region size 1024K, 10 young (10240K), 5 survivors (5120K)
 Metaspace       used 8888K, capacity 9108K, committed 9472K, reserved 1058816K
  class space    used 828K, capacity 908K, committed 1024K, reserved 1048576K
}
Event: 0.633 GC heap after
{Heap after GC invocations=8 (full 0):
 garbage-first heap   total 284672K, used 143603K [0x0000000081800000, 0x0000000100000000)
  region size 1024K, 5 young (5120K), 5 survivors (5120K)
 Metaspace       used 8888K, capacity 9108K, committed 9472K, reserved 1058816K
  class space    used 828K, capacity 908K, committed 1024K, reserved 1048576K
}
Event: 0.671 GC heap before
{Heap before GC invocations=8 (full 0):
 garbage-first heap   total 284672K, used 191731K [0x0000000081800000, 0x0000000100000000)
  region size 1024K, 40 young (40960K), 5 survivors (5120K)
 Metaspace       used 8889K, capacity 9108K, committed 9472K, reserved 1058816K
  class space    used 829K, capacity 908K, committed 1024K, reserved 1048576K
}

