# JRE version: OpenJDK Runtime Environment Corretto-11.0.12.7.1 (11.0.12+7) (build 11.0.12+7-LTS)
# Java VM: OpenJDK 64-Bit Server VM Corretto-11.0.12.7.1 (11.0.12+7-LTS, mixed mode, tiered, compressed oops, g1 gc, windows-amd64)
Heap:
 garbage-first heap   total 878592K, used 189916K [0x0000000081800000, 0x0000000100000000)
  region size 1024K, 5 young (5120K), 5 survivors (5120K)
 Metaspace       used 8882K, capacity 9108K, committed 9472K, reserved 1058816K
  class space    used 829K, capacity 908K, committed 1024K, reserved 1048576K
GC Heap History (17 events):
Event: 0.315 GC heap before
{Heap before GC invocations=0 (full 0):
 garbage-first heap   total 131072K, used 13312K [0x0000000081800000, 0x0000000100000000)
  region size 1024K, 14 young (14336K), 0 survivors (0K)
 Metaspace       used 8881K, capacity 9108K, committed 9472K, reserved 1058816K
  class space    used 828K, capacity 908K, committed 1024K, reserved 1048576K
}
Event: 0.326 GC heap after
{Heap after GC invocations=1 (full 0):
 garbage-first heap   total 131072K, used 7539K [0x0000000081800000, 0x0000000100000000)
  region size 1024K, 2 young (2048K), 2 survivors (2048K)
 Metaspace       used 8881K, capacity 9108K, committed 9472K, reserved 1058816K
  class space    used 828K, capacity 908K, committed 1024K, reserved 1048576K
}
Event: 0.335 GC heap before
{Heap before GC invocations=1 (full 0):
 garbage-first heap   total 131072K, used 14707K [0x0000000081800000, 0x0000000100000000)
  region size 1024K, 10 young (10240K), 2 survivors (2048K)
 Metaspace       used 8881K, capacity 9108K, committed 9472K, reserved 1058816K
  class space    used 828K, capacity 908K, committed 1024K, reserved 1048576K
}
Event: 0.344 GC heap after
{Heap after GC invocations=2 (full 0):
 garbage-first heap   total 131072K, used 13269K [0x0000000081800000, 0x0000000100000000)
  region size 1024K, 2 young (2048K), 2 survivors (2048K)
 Metaspace       used 8881K, capacity 9108K, committed 9472K, reserved 1058816K
  class space    used 828K, capacity 908K, committed 1024K, reserved 1048576K
}
Event: 0.362 GC heap before
{Heap before GC invocations=2 (full 0):
 garbage-first heap   total 131072K, used 32725K [0x0000000081800000, 0x0000000100000000)
  region size 1024K, 18 young (18432K), 2 survivors (2048K)
 Metaspace       used 8881K, capacity 9108K, committed 9472K, reserved 1058816K
  class space    used 828K, capacity 908K, committed 1024K, reserved 1048576K
}
Event: 0.381 GC heap after
{Heap after GC invocations=3 (full 0):
 garbage-first heap   total 131072K, used 28380K [0x0000000081800000, 0x0000000100000000)
  region size 1024K, 3 young (3072K), 3 survivors (3072K)
 Metaspace       used 8881K, capacity 9108K, committed 9472K, reserved 1058816K
  class space    used 828K, capacity 908K, committed 1024K, reserved 1048576K
}
Event: 0.397 GC heap before
{Heap before GC invocations=3 (full 0):
 garbage-first heap   total 131072K, used 49884K [0x0000000081800000, 0x0000000100000000)
  region size 1024K, 22 young (22528K), 3 survivors (3072K)
 Metaspace       used 8881K, capacity 9108K, committed 9472K, reserved 1058816K
  class space    used 828K, capacity 908K, committed 1024K, reserved 1048576K
}
Event: 0.420 GC heap after
{Heap after GC invocations=4 (full 0):
 garbage-first heap   total 131072K, used 44449K [0x0000000081800000, 0x0000000100000000)
  region size 1024K, 3 young (3072K), 3 survivors (3072K)
 Metaspace       used 8881K, capacity 9108K, committed 9472K, reserved 1058816K
  class space    used 828K, capacity 908K, committed 1024K, reserved 1048576K
}
Event: 0.443 GC heap before
{Heap before GC invocations=4 (full 0):
 garbage-first heap   total 131072K, used 77217K [0x0000000081800000, 0x0000000100000000)
  region size 1024K, 27 young (27648K), 3 survivors (3072K)
 Metaspace       used 8881K, capacity 9108K, committed 9472K, reserved 1058816K
  class space    used 828K, capacity 908K, committed 1024K, reserved 1048576K
}
Event: 0.481 GC heap after
{Heap after GC invocations=5 (full 0):
 garbage-first heap   total 292864K, used 71168K [0x0000000081800000, 0x0000000100000000)
  region size 1024K, 4 young (4096K), 4 survivors (4096K)
 Metaspace       used 8881K, capacity 9108K, committed 9472K, reserved 1058816K
  class space    used 828K, capacity 908K, committed 1024K, reserved 1048576K
}
Event: 0.527 GC heap before
{Heap before GC invocations=5 (full 0):
 garbage-first heap   total 292864K, used 110080K [0x0000000081800000, 0x0000000100000000)
  region size 1024K, 32 young (32768K), 4 survivors (4096K)
 Metaspace       used 8881K, capacity 9108K, committed 9472K, reserved 1058816K
  class space    used 828K, capacity 908K, committed 1024K, reserved 1048576K
}
Event: 0.567 GC heap after
{Heap after GC invocations=6 (full 0):
 garbage-first heap   total 292864K, used 102912K [0x0000000081800000, 0x0000000100000000)
  region size 1024K, 4 young (4096K), 4 survivors (4096K)
 Metaspace       used 8881K, capacity 9108K, committed 9472K, reserved 1058816K
  class space    used 828K, capacity 908K, committed 1024K, reserved 1048576K
}
Event: 0.595 GC heap before
{Heap before GC invocations=6 (full 0):
 garbage-first heap   total 292864K, used 145920K [0x0000000081800000, 0x0000000100000000)
  region size 1024K, 37 young (37888K), 4 survivors (4096K)
 Metaspace       used 8881K, capacity 9108K, committed 9472K, reserved 1058816K
  class space    used 828K, capacity 908K, committed 1024K, reserved 1048576K
}
Event: 0.629 GC heap after
{Heap after GC invocations=7 (full 0):
 garbage-first heap   total 292864K, used 138240K [0x0000000081800000, 0x0000000100000000)
  region size 1024K, 5 young (5120K), 5 survivors (5120K)
 Metaspace       used 8881K, capacity 9108K, committed 9472K, reserved 1058816K
  class space    used 828K, capacity 908K, committed 1024K, reserved 1048576K
}
Event: 0.630 GC heap before
{Heap before GC invocations=7 (full 0):
 garbage-first heap   total 292864K, used 142336K [0x0000000081800000, 0x0000000100000000)
  region size 1024K, 10 young (10240K), 5 survivors (5120K)
 Metaspace       used 8881K, capacity 9108K, committed 9472K, reserved 1058816K
  class space    used 828K, capacity 908K, committed 1024K, reserved 1048576K
}
Event: 0.642 GC heap after
{Heap after GC invocations=8 (full 0):
 garbage-first heap   total 292864K, used 143574K [0x0000000081800000, 0x0000000100000000)
  region size 1024K, 5 young (5120K), 5 survivors (5120K)
 Metaspace       used 8881K, capacity 9108K, committed 9472K, reserved 1058816K
  class space    used 828K, capacity 908K, committed 1024K, reserved 1048576K
}
Event: 0.676 GC heap before
{Heap before GC invocations=8 (full 0):
 garbage-first heap   total 292864K, used 191702K [0x0000000081800000, 0x0000000100000000)
  region size 1024K, 40 young (40960K), 5 survivors (5120K)
 Metaspace       used 8882K, capacity 9108K, committed 9472K, reserved 1058816K
  class space    used 829K, capacity 908K, committed 1024K, reserved 1048576K
}

